<?xml version="1.0" encoding="UTF-8"?>
<testng-results total="1" passed="1" failed="0" skipped="0">
  <reporter-output>
  </reporter-output>
  <suite started-at="2023-01-29T14:08:37Z" name="Default suite" finished-at="2023-01-29T14:08:39Z" duration-ms="1995">
    <groups>
    </groups>
    <test started-at="2023-01-29T14:08:37Z" name="Default test" finished-at="2023-01-29T14:08:39Z" duration-ms="1995">
      <class name="data.datavalidation.ValidateResponseData">
        <test-method signature="parseXmlResponseAllValues()[pri:1, instance:data.datavalidation.ValidateResponseData@6a47b187]" started-at="2023-01-29T19:38:37Z" name="parseXmlResponseAllValues" finished-at="2023-01-29T19:38:39Z" duration-ms="1983" status="PASS">
          <reporter-output>
          </reporter-output>
        </test-method> <!-- parseXmlResponseAllValues -->
      </class> <!-- data.datavalidation.ValidateResponseData -->
    </test> <!-- Default test -->
  </suite> <!-- Default suite -->
</testng-results>
